<?xml version="1.0" encoding="UTF-8"?>
<testng-results skipped="0" failed="0" ignored="0" total="2" passed="2">
  <reporter-output>
  </reporter-output>
  <suite name="Default suite" duration-ms="26223" started-at="2019-11-23T13:01:08 CST" finished-at="2019-11-23T13:01:34 CST">
    <groups>
    </groups>
    <test name="Default test" duration-ms="26223" started-at="2019-11-23T13:01:08 CST" finished-at="2019-11-23T13:01:34 CST">
      <class name="test.Class5">
        <test-method status="PASS" signature="startBrowser()[pri:0, instance:test.Class5@51b279c9]" name="startBrowser" is-config="true" duration-ms="10120" started-at="2019-11-23T13:01:08 CST" finished-at="2019-11-23T13:01:18 CST">
          <reporter-output>
          </reporter-output>
        </test-method> <!-- startBrowser -->
        <test-method status="PASS" signature="validUserShouldBeAbleToLogin()[pri:1, instance:test.Class5@51b279c9]" name="validUserShouldBeAbleToLogin" duration-ms="4674" started-at="2019-11-23T13:01:18 CST" finished-at="2019-11-23T13:01:23 CST">
          <reporter-output>
          </reporter-output>
        </test-method> <!-- validUserShouldBeAbleToLogin -->
        <test-method status="PASS" signature="close()[pri:0, instance:test.Class5@51b279c9]" name="close" is-config="true" duration-ms="1176" started-at="2019-11-23T13:01:23 CST" finished-at="2019-11-23T13:01:24 CST">
          <reporter-output>
          </reporter-output>
        </test-method> <!-- close -->
        <test-method status="PASS" signature="startBrowser()[pri:0, instance:test.Class5@51b279c9]" name="startBrowser" is-config="true" duration-ms="6912" started-at="2019-11-23T13:01:24 CST" finished-at="2019-11-23T13:01:31 CST">
          <reporter-output>
          </reporter-output>
        </test-method> <!-- startBrowser -->
        <test-method status="PASS" signature="invalidUsersShouldNotBeAbleToLogin()[pri:2, instance:test.Class5@51b279c9]" name="invalidUsersShouldNotBeAbleToLogin" duration-ms="2189" started-at="2019-11-23T13:01:31 CST" finished-at="2019-11-23T13:01:33 CST">
          <reporter-output>
          </reporter-output>
        </test-method> <!-- invalidUsersShouldNotBeAbleToLogin -->
        <test-method status="PASS" signature="close()[pri:0, instance:test.Class5@51b279c9]" name="close" is-config="true" duration-ms="1033" started-at="2019-11-23T13:01:33 CST" finished-at="2019-11-23T13:01:34 CST">
          <reporter-output>
          </reporter-output>
        </test-method> <!-- close -->
      </class> <!-- test.Class5 -->
    </test> <!-- Default test -->
  </suite> <!-- Default suite -->
</testng-results>
